<?xml version="1.0" encoding="UTF-8"?>
<testsuite name="PersonalAssistantTest" tests="1" skipped="0" failures="0" errors="0" timestamp="2020-05-07T13:48:15" hostname="DESKTOP-Q55VUOE" time="0.704">
  <properties/>
  <testcase name="start" classname="PersonalAssistantTest" time="0.704"/>
  <system-out><![CDATA[?[1;31m
Start test 1?[0m
Hello! My name is Rb_wahid.
I was created in 2020.
]]></system-out>
  <system-err><![CDATA[]]></system-err>
</testsuite>
